<?xml version="1.0" encoding="UTF-8"?>
<testng-results skipped="0" failed="0" ignored="0" total="4" passed="4">
  <reporter-output>
  </reporter-output>
  <suite name="SuiteName" duration-ms="125581" started-at="2019-04-29T06:46:05Z" finished-at="2019-04-29T06:48:10Z">
    <groups>
    </groups>
    <test name="Zoopla Test" duration-ms="125581" started-at="2019-04-29T06:46:05Z" finished-at="2019-04-29T06:48:10Z">
      <class name="Naveen.NaveenCodingChallenge1.testcases.ListPropertiesTestCases">
        <test-method status="PASS" signature="setup()[pri:0, instance:Naveen.NaveenCodingChallenge1.testcases.ListPropertiesTestCases@5bb21b69]" name="setup" is-config="true" duration-ms="30585" started-at="2019-04-29T06:46:05Z" finished-at="2019-04-29T06:46:35Z">
          <reporter-output>
          </reporter-output>
        </test-method> <!-- setup -->
        <test-method status="PASS" signature="InputText()[pri:1, instance:Naveen.NaveenCodingChallenge1.testcases.ListPropertiesTestCases@5bb21b69]" name="InputText" duration-ms="20763" started-at="2019-04-29T06:46:35Z" finished-at="2019-04-29T06:46:56Z">
          <reporter-output>
          </reporter-output>
        </test-method> <!-- InputText -->
        <test-method status="PASS" signature="listview()[pri:2, instance:Naveen.NaveenCodingChallenge1.testcases.ListPropertiesTestCases@5bb21b69]" name="listview" duration-ms="32711" started-at="2019-04-29T06:46:56Z" finished-at="2019-04-29T06:47:29Z">
          <reporter-output>
          </reporter-output>
        </test-method> <!-- listview -->
        <test-method status="PASS" signature="Select5th()[pri:3, instance:Naveen.NaveenCodingChallenge1.testcases.ListPropertiesTestCases@5bb21b69]" name="Select5th" duration-ms="22779" started-at="2019-04-29T06:47:29Z" finished-at="2019-04-29T06:47:51Z">
          <reporter-output>
          </reporter-output>
        </test-method> <!-- Select5th -->
        <test-method status="PASS" signature="ClickAgentName()[pri:4, instance:Naveen.NaveenCodingChallenge1.testcases.ListPropertiesTestCases@5bb21b69]" name="ClickAgentName" duration-ms="11989" started-at="2019-04-29T06:47:51Z" finished-at="2019-04-29T06:48:03Z">
          <reporter-output>
          </reporter-output>
        </test-method> <!-- ClickAgentName -->
        <test-method status="PASS" signature="teardown()[pri:0, instance:Naveen.NaveenCodingChallenge1.testcases.ListPropertiesTestCases@5bb21b69]" name="teardown" is-config="true" duration-ms="6656" started-at="2019-04-29T06:48:03Z" finished-at="2019-04-29T06:48:10Z">
          <reporter-output>
          </reporter-output>
        </test-method> <!-- teardown -->
      </class> <!-- Naveen.NaveenCodingChallenge1.testcases.ListPropertiesTestCases -->
    </test> <!-- Zoopla Test -->
  </suite> <!-- SuiteName -->
</testng-results>
