<?xml version="1.0" encoding="UTF-8"?>
<testng-results skipped="0" failed="1" ignored="0" total="4" passed="3">
  <reporter-output>
  </reporter-output>
  <suite name="Default suite" duration-ms="102796" started-at="2019-04-29T06:04:14Z" finished-at="2019-04-29T06:05:57Z">
    <groups>
    </groups>
    <test name="Default test" duration-ms="102796" started-at="2019-04-29T06:04:14Z" finished-at="2019-04-29T06:05:57Z">
      <class name="Naveen.NaveenCodingChallenge1.testcases.ListPropertiesTestCases">
        <test-method status="PASS" signature="setup()[pri:0, instance:Naveen.NaveenCodingChallenge1.testcases.ListPropertiesTestCases@5bb21b69]" name="setup" is-config="true" duration-ms="23201" started-at="2019-04-29T06:04:14Z" finished-at="2019-04-29T06:04:37Z">
          <reporter-output>
          </reporter-output>
        </test-method> <!-- setup -->
        <test-method status="PASS" signature="InputText()[pri:1, instance:Naveen.NaveenCodingChallenge1.testcases.ListPropertiesTestCases@5bb21b69]" name="InputText" duration-ms="33748" started-at="2019-04-29T06:04:37Z" finished-at="2019-04-29T06:05:11Z">
          <reporter-output>
          </reporter-output>
        </test-method> <!-- InputText -->
        <test-method status="FAIL" signature="listview()[pri:2, instance:Naveen.NaveenCodingChallenge1.testcases.ListPropertiesTestCases@5bb21b69]" name="listview" duration-ms="1764" started-at="2019-04-29T06:05:11Z" finished-at="2019-04-29T06:05:13Z">
          <exception class="java.lang.IndexOutOfBoundsException">
            <message>
              <![CDATA[Index: 28, Size: 28]]>
            </message>
            <full-stacktrace>
              <![CDATA[java.lang.IndexOutOfBoundsException: Index: 28, Size: 28
at java.util.ArrayList.rangeCheck(Unknown Source)
at java.util.ArrayList.get(Unknown Source)
at sun.reflect.GeneratedMethodAccessor2.invoke(Unknown Source)
at sun.reflect.DelegatingMethodAccessorImpl.invoke(Unknown Source)
at java.lang.reflect.Method.invoke(Unknown Source)
at org.openqa.selenium.support.pagefactory.internal.LocatingElementListHandler.invoke(LocatingElementListHandler.java:39)
at com.sun.proxy.$Proxy10.get(Unknown Source)
at Naveen.NaveenCodingChallenge1.pages.Homepage.GetList(Homepage.java:95)
at Naveen.NaveenCodingChallenge1.testcases.ListPropertiesTestCases.listview(ListPropertiesTestCases.java:70)
at sun.reflect.NativeMethodAccessorImpl.invoke0(Native Method)
at sun.reflect.NativeMethodAccessorImpl.invoke(Unknown Source)
at sun.reflect.DelegatingMethodAccessorImpl.invoke(Unknown Source)
at java.lang.reflect.Method.invoke(Unknown Source)
at org.testng.internal.MethodInvocationHelper.invokeMethod(MethodInvocationHelper.java:124)
at org.testng.internal.Invoker.invokeMethod(Invoker.java:583)
at org.testng.internal.Invoker.invokeTestMethod(Invoker.java:719)
at org.testng.internal.Invoker.invokeTestMethods(Invoker.java:989)
at org.testng.internal.TestMethodWorker.invokeTestMethods(TestMethodWorker.java:125)
at org.testng.internal.TestMethodWorker.run(TestMethodWorker.java:109)
at org.testng.TestRunner.privateRun(TestRunner.java:648)
at org.testng.TestRunner.run(TestRunner.java:505)
at org.testng.SuiteRunner.runTest(SuiteRunner.java:455)
at org.testng.SuiteRunner.runSequentially(SuiteRunner.java:450)
at org.testng.SuiteRunner.privateRun(SuiteRunner.java:415)
at org.testng.SuiteRunner.run(SuiteRunner.java:364)
at org.testng.SuiteRunnerWorker.runSuite(SuiteRunnerWorker.java:52)
at org.testng.SuiteRunnerWorker.run(SuiteRunnerWorker.java:84)
at org.testng.TestNG.runSuitesSequentially(TestNG.java:1208)
at org.testng.TestNG.runSuitesLocally(TestNG.java:1137)
at org.testng.TestNG.runSuites(TestNG.java:1049)
at org.testng.TestNG.run(TestNG.java:1017)
at org.testng.remote.AbstractRemoteTestNG.run(AbstractRemoteTestNG.java:115)
at org.testng.remote.RemoteTestNG.initAndRun(RemoteTestNG.java:251)
at org.testng.remote.RemoteTestNG.main(RemoteTestNG.java:77)
]]>
            </full-stacktrace>
          </exception> <!-- java.lang.IndexOutOfBoundsException -->
          <reporter-output>
          </reporter-output>
        </test-method> <!-- listview -->
        <test-method status="PASS" signature="Select5th()[pri:3, instance:Naveen.NaveenCodingChallenge1.testcases.ListPropertiesTestCases@5bb21b69]" name="Select5th" duration-ms="21552" started-at="2019-04-29T06:05:13Z" finished-at="2019-04-29T06:05:34Z">
          <reporter-output>
          </reporter-output>
        </test-method> <!-- Select5th -->
        <test-method status="PASS" signature="ClickAgentName()[pri:4, instance:Naveen.NaveenCodingChallenge1.testcases.ListPropertiesTestCases@5bb21b69]" name="ClickAgentName" duration-ms="13125" started-at="2019-04-29T06:05:34Z" finished-at="2019-04-29T06:05:47Z">
          <reporter-output>
          </reporter-output>
        </test-method> <!-- ClickAgentName -->
        <test-method status="PASS" signature="teardown()[pri:0, instance:Naveen.NaveenCodingChallenge1.testcases.ListPropertiesTestCases@5bb21b69]" name="teardown" is-config="true" duration-ms="9294" started-at="2019-04-29T06:05:47Z" finished-at="2019-04-29T06:05:57Z">
          <reporter-output>
          </reporter-output>
        </test-method> <!-- teardown -->
      </class> <!-- Naveen.NaveenCodingChallenge1.testcases.ListPropertiesTestCases -->
    </test> <!-- Default test -->
  </suite> <!-- Default suite -->
</testng-results>
