<?xml version="1.0" encoding="UTF-8"?>
<!-- Generated by org.testng.reporters.JUnitXMLReporter -->
<testsuite hostname="DESKTOP-3SJIT6V" ignored="0" name="Zoopla Test" tests="4" failures="0" timestamp="29 Apr 2019 06:48:10 GMT" time="125.581" errors="0">
  <testcase name="InputText" time="20.763" classname="Naveen.NaveenCodingChallenge1.testcases.ListPropertiesTestCases"/>
  <testcase name="listview" time="32.711" classname="Naveen.NaveenCodingChallenge1.testcases.ListPropertiesTestCases"/>
  <testcase name="Select5th" time="22.779" classname="Naveen.NaveenCodingChallenge1.testcases.ListPropertiesTestCases"/>
  <testcase name="ClickAgentName" time="11.989" classname="Naveen.NaveenCodingChallenge1.testcases.ListPropertiesTestCases"/>
</testsuite> <!-- Zoopla Test -->
